<?xml version="1.0" encoding="UTF-8"?>
<!-- Generated by org.testng.reporters.JUnitXMLReporter -->
<testsuite ignored="0" hostname="DESKTOP-ECHASIQ" failures="0" tests="6" name="Default test" time="124.659" errors="0" timestamp="2025-08-21T11:31:11 IST">
  <testcase classname="pac1.Lab14TestNG" name="f" time="10.877"/>
  <testcase classname="pac1.Lab14TestNG" name="f" time="7.567"/>
  <testcase classname="pac1.Lab14TestNG" name="f" time="32.485"/>
  <testcase classname="pac1.Lab14TestNG" name="f" time="8.587"/>
  <testcase classname="pac1.Lab14TestNG" name="f" time="7.651"/>
  <testcase classname="pac1.Lab14TestNG" name="f" time="7.944"/>
</testsuite> <!-- Default test -->
