<?xml version="1.0" encoding="UTF-8"?>
<!-- Generated by org.testng.reporters.JUnitXMLReporter -->
<testsuite ignored="0" hostname="DESKTOP-ECHASIQ" failures="0" tests="3" name="Default test" time="26.996" errors="0" timestamp="2025-08-19T11:55:50 IST">
  <testcase classname="pac1.Lab8_L3_L4TestNg" name="testPageTitle" time="0.017"/>
  <testcase classname="pac1.Lab8_L3_L4TestNg" name="testMacSection" time="4.073"/>
  <testcase classname="pac1.Lab8_L3_L4TestNg" name="testSearchFunctionality" time="6.06"/>
</testsuite> <!-- Default test -->
