<?xml version="1.0" encoding="UTF-8"?>
<!-- Generated by org.testng.reporters.JUnitXMLReporter -->
<testsuite ignored="0" hostname="DESKTOP-ECHASIQ" failures="0" tests="3" name="chrome" time="59.128" errors="0" timestamp="2025-08-19T14:59:38 IST">
  <testcase classname="pac1.Lab9_L3_L4Test" name="testPageTitle" time="0.105"/>
  <testcase classname="pac1.Lab9_L3_L4Test" name="testMacSection" time="20.114"/>
  <testcase classname="pac1.Lab9_L3_L4Test" name="testSearchFunctionality" time="6.015"/>
</testsuite> <!-- chrome -->
