<?xml version="1.0" encoding="UTF-8"?>
<!-- Generated by org.testng.reporters.JUnitXMLReporter -->
<testsuite ignored="0" hostname="DESKTOP-ECHASIQ" failures="0" tests="3" name="edge" time="50.935" errors="0" timestamp="2025-08-19T14:59:30 IST">
  <testcase classname="pac1.Lab9_L3_L4Test" name="testPageTitle" time="0.523"/>
  <testcase classname="pac1.Lab9_L3_L4Test" name="testMacSection" time="6.873"/>
  <testcase classname="pac1.Lab9_L3_L4Test" name="testSearchFunctionality" time="6.443"/>
</testsuite> <!-- edge -->
