<?xml version="1.0" encoding="UTF-8"?>
<testng-results ignored="0" total="3" passed="3" failed="0" skipped="0">
  <reporter-output>
  </reporter-output>
  <suite started-at="2025-08-19T12:07:38 IST" name="Suite" finished-at="2025-08-19T12:07:56 IST" duration-ms="18268">
    <groups>
    </groups>
    <test started-at="2025-08-19T12:07:38 IST" name="Test" finished-at="2025-08-19T12:07:56 IST" duration-ms="18268">
      <class name="pac1.Lab8_L3_L4TestNg">
        <test-method is-config="true" signature="beforeClass()[pri:0, instance:pac1.Lab8_L3_L4TestNg@9d5509a]" started-at="2025-08-19T12:07:38 IST" name="beforeClass" finished-at="2025-08-19T12:07:44 IST" duration-ms="6254" status="PASS">
          <reporter-output>
          </reporter-output>
        </test-method> <!-- beforeClass -->
        <test-method signature="testPageTitle()[pri:1, instance:pac1.Lab8_L3_L4TestNg@9d5509a]" started-at="2025-08-19T12:07:44 IST" name="testPageTitle" finished-at="2025-08-19T12:07:44 IST" duration-ms="19" status="PASS">
          <reporter-output>
          </reporter-output>
        </test-method> <!-- testPageTitle -->
        <test-method signature="testMacSection()[pri:2, instance:pac1.Lab8_L3_L4TestNg@9d5509a]" started-at="2025-08-19T12:07:44 IST" name="testMacSection" finished-at="2025-08-19T12:07:48 IST" duration-ms="3959" status="PASS">
          <reporter-output>
          </reporter-output>
        </test-method> <!-- testMacSection -->
        <test-method signature="testSearchFunctionality()[pri:3, instance:pac1.Lab8_L3_L4TestNg@9d5509a]" started-at="2025-08-19T12:07:48 IST" name="testSearchFunctionality" finished-at="2025-08-19T12:07:54 IST" duration-ms="6133" status="PASS">
          <reporter-output>
          </reporter-output>
        </test-method> <!-- testSearchFunctionality -->
        <test-method is-config="true" signature="afterClass()[pri:0, instance:pac1.Lab8_L3_L4TestNg@9d5509a]" started-at="2025-08-19T12:07:54 IST" name="afterClass" finished-at="2025-08-19T12:07:56 IST" duration-ms="1846" status="PASS">
          <reporter-output>
          </reporter-output>
        </test-method> <!-- afterClass -->
      </class> <!-- pac1.Lab8_L3_L4TestNg -->
    </test> <!-- Test -->
  </suite> <!-- Suite -->
</testng-results>
