<?xml version="1.0" encoding="UTF-8"?>
<testng-results ignored="0" total="3" passed="3" failed="0" skipped="0">
  <reporter-output>
  </reporter-output>
  <suite started-at="2025-08-22T17:54:40 IST" name="Default suite" finished-at="2025-08-22T17:54:58 IST" duration-ms="18403">
    <groups>
    </groups>
    <test started-at="2025-08-22T17:54:40 IST" name="Default test" finished-at="2025-08-22T17:54:58 IST" duration-ms="18403">
      <class name="pac1.Lab13_repo_xmlTest">
        <test-method is-config="true" signature="beforeClass()[pri:0, instance:pac1.Lab13_repo_xmlTest@2aceadd4]" started-at="2025-08-22T17:54:40 IST" name="beforeClass" finished-at="2025-08-22T17:54:48 IST" duration-ms="7767" status="PASS">
          <reporter-output>
          </reporter-output>
        </test-method> <!-- beforeClass -->
        <test-method signature="testPageTitle()[pri:1, instance:pac1.Lab13_repo_xmlTest@2aceadd4]" started-at="2025-08-22T17:54:48 IST" name="testPageTitle" finished-at="2025-08-22T17:54:48 IST" duration-ms="32" status="PASS">
          <reporter-output>
          </reporter-output>
        </test-method> <!-- testPageTitle -->
        <test-method signature="testMacSection()[pri:2, instance:pac1.Lab13_repo_xmlTest@2aceadd4]" started-at="2025-08-22T17:54:48 IST" name="testMacSection" finished-at="2025-08-22T17:54:51 IST" duration-ms="3488" status="PASS">
          <reporter-output>
          </reporter-output>
        </test-method> <!-- testMacSection -->
        <test-method signature="testSearchFunctionality()[pri:3, instance:pac1.Lab13_repo_xmlTest@2aceadd4]" started-at="2025-08-22T17:54:51 IST" name="testSearchFunctionality" finished-at="2025-08-22T17:54:58 IST" duration-ms="6568" status="PASS">
          <reporter-output>
          </reporter-output>
        </test-method> <!-- testSearchFunctionality -->
        <test-method is-config="true" signature="afterClass()[pri:0, instance:pac1.Lab13_repo_xmlTest@2aceadd4]" started-at="2025-08-22T17:54:58 IST" name="afterClass" finished-at="2025-08-22T17:54:58 IST" duration-ms="465" status="PASS">
          <reporter-output>
          </reporter-output>
        </test-method> <!-- afterClass -->
      </class> <!-- pac1.Lab13_repo_xmlTest -->
    </test> <!-- Default test -->
  </suite> <!-- Default suite -->
</testng-results>
